E:\DROPBOX\WORK2011\GATEWAYAPP\RFIDSERVER\RSERVER\BIN\DEBUG\RSERVER.EXE
E:\DROPBOX\WORK2011\GATEWAYAPP\RFIDSERVER\RSERVER\BIN\DEBUG\RSERVER.ILK
E:\DROPBOX\WORK2011\GATEWAYAPP\RFIDSERVER\RSERVER\BIN\DEBUG\RSERVER.PDB
E:\Dropbox\Work2011\GatewayApp\RFIDServer\RServer\RServer\Debug\cl.command.1.tlog
E:\Dropbox\Work2011\GatewayApp\RFIDServer\RServer\RServer\Debug\CL.read.1.tlog
E:\Dropbox\Work2011\GatewayApp\RFIDServer\RServer\RServer\Debug\CL.write.1.tlog
E:\Dropbox\Work2011\GatewayApp\RFIDServer\RServer\RServer\Debug\link.4180.read.1.tlog
E:\Dropbox\Work2011\GatewayApp\RFIDServer\RServer\RServer\Debug\link.4180.write.1.tlog
E:\Dropbox\Work2011\GatewayApp\RFIDServer\RServer\RServer\Debug\link.4180-cvtres.read.1.tlog
E:\Dropbox\Work2011\GatewayApp\RFIDServer\RServer\RServer\Debug\link.4180-cvtres.write.1.tlog
E:\Dropbox\Work2011\GatewayApp\RFIDServer\RServer\RServer\Debug\link.4596.read.1.tlog
E:\Dropbox\Work2011\GatewayApp\RFIDServer\RServer\RServer\Debug\link.4596.write.1.tlog
E:\Dropbox\Work2011\GatewayApp\RFIDServer\RServer\RServer\Debug\link.4596-cvtres.read.1.tlog
E:\Dropbox\Work2011\GatewayApp\RFIDServer\RServer\RServer\Debug\link.4596-cvtres.write.1.tlog
E:\Dropbox\Work2011\GatewayApp\RFIDServer\RServer\RServer\Debug\link.6224.read.1.tlog
E:\Dropbox\Work2011\GatewayApp\RFIDServer\RServer\RServer\Debug\link.6224.write.1.tlog
E:\Dropbox\Work2011\GatewayApp\RFIDServer\RServer\RServer\Debug\link.6224-cvtres.read.1.tlog
E:\Dropbox\Work2011\GatewayApp\RFIDServer\RServer\RServer\Debug\link.6224-cvtres.write.1.tlog
E:\Dropbox\Work2011\GatewayApp\RFIDServer\RServer\RServer\Debug\link.command.1.tlog
E:\Dropbox\Work2011\GatewayApp\RFIDServer\RServer\RServer\Debug\link.read.1.tlog
E:\Dropbox\Work2011\GatewayApp\RFIDServer\RServer\RServer\Debug\link.write.1.tlog
E:\Dropbox\Work2011\GatewayApp\RFIDServer\RServer\RServer\Debug\link-cvtres.read.1.tlog
E:\Dropbox\Work2011\GatewayApp\RFIDServer\RServer\RServer\Debug\link-cvtres.write.1.tlog
E:\Dropbox\Work2011\GatewayApp\RFIDServer\RServer\RServer\Debug\mt.command.1.tlog
E:\Dropbox\Work2011\GatewayApp\RFIDServer\RServer\RServer\Debug\mt.read.1.tlog
E:\Dropbox\Work2011\GatewayApp\RFIDServer\RServer\RServer\Debug\mt.write.1.tlog
E:\Dropbox\Work2011\GatewayApp\RFIDServer\RServer\RServer\Debug\rc.command.1.tlog
E:\Dropbox\Work2011\GatewayApp\RFIDServer\RServer\RServer\Debug\rc.read.1.tlog
E:\Dropbox\Work2011\GatewayApp\RFIDServer\RServer\RServer\Debug\rc.write.1.tlog
E:\DROPBOX\WORK2011\GATEWAYAPP\RFIDSERVER\RSERVER\RSERVER\DEBUG\RSERVER.EXE.EMBED.MANIFEST
E:\DROPBOX\WORK2011\GATEWAYAPP\RFIDSERVER\RSERVER\RSERVER\DEBUG\RSERVER.EXE.EMBED.MANIFEST.RES
E:\DROPBOX\WORK2011\GATEWAYAPP\RFIDSERVER\RSERVER\RSERVER\DEBUG\RSERVER.EXE.INTERMEDIATE.MANIFEST
E:\DROPBOX\WORK2011\GATEWAYAPP\RFIDSERVER\RSERVER\RSERVER\DEBUG\RSERVER.OBJ
E:\Dropbox\Work2011\GatewayApp\RFIDServer\RServer\RServer\Debug\RServer_manifest.rc
E:\Dropbox\Work2011\GatewayApp\RFIDServer\RServer\RServer\Debug\vc100.idb
E:\DROPBOX\WORK2011\GATEWAYAPP\RFIDSERVER\RSERVER\RSERVER\DEBUG\VC100.PDB
