E:\Dropbox\Work2011\GatewayApp\etc\ZeroMQ\zeromq-2.1.10\builds\msvc\libzmq\Debug\cl.command.1.tlog
E:\Dropbox\Work2011\GatewayApp\etc\ZeroMQ\zeromq-2.1.10\builds\msvc\libzmq\Debug\CL.read.1.tlog
E:\Dropbox\Work2011\GatewayApp\etc\ZeroMQ\zeromq-2.1.10\builds\msvc\libzmq\Debug\CL.write.1.tlog
E:\DROPBOX\WORK2011\GATEWAYAPP\ETC\ZEROMQ\ZEROMQ-2.1.10\BUILDS\MSVC\LIBZMQ\DEBUG\CLOCK.OBJ
E:\DROPBOX\WORK2011\GATEWAYAPP\ETC\ZEROMQ\ZEROMQ-2.1.10\BUILDS\MSVC\LIBZMQ\DEBUG\COMMAND.OBJ
E:\DROPBOX\WORK2011\GATEWAYAPP\ETC\ZEROMQ\ZEROMQ-2.1.10\BUILDS\MSVC\LIBZMQ\DEBUG\CONNECT_SESSION.OBJ
E:\DROPBOX\WORK2011\GATEWAYAPP\ETC\ZEROMQ\ZEROMQ-2.1.10\BUILDS\MSVC\LIBZMQ\DEBUG\CTX.OBJ
E:\DROPBOX\WORK2011\GATEWAYAPP\ETC\ZEROMQ\ZEROMQ-2.1.10\BUILDS\MSVC\LIBZMQ\DEBUG\DECODER.OBJ
E:\DROPBOX\WORK2011\GATEWAYAPP\ETC\ZEROMQ\ZEROMQ-2.1.10\BUILDS\MSVC\LIBZMQ\DEBUG\DEVICE.OBJ
E:\DROPBOX\WORK2011\GATEWAYAPP\ETC\ZEROMQ\ZEROMQ-2.1.10\BUILDS\MSVC\LIBZMQ\DEBUG\DEVPOLL.OBJ
E:\DROPBOX\WORK2011\GATEWAYAPP\ETC\ZEROMQ\ZEROMQ-2.1.10\BUILDS\MSVC\LIBZMQ\DEBUG\DIST.OBJ
E:\DROPBOX\WORK2011\GATEWAYAPP\ETC\ZEROMQ\ZEROMQ-2.1.10\BUILDS\MSVC\LIBZMQ\DEBUG\ENCODER.OBJ
E:\DROPBOX\WORK2011\GATEWAYAPP\ETC\ZEROMQ\ZEROMQ-2.1.10\BUILDS\MSVC\LIBZMQ\DEBUG\EPOLL.OBJ
E:\DROPBOX\WORK2011\GATEWAYAPP\ETC\ZEROMQ\ZEROMQ-2.1.10\BUILDS\MSVC\LIBZMQ\DEBUG\ERR.OBJ
E:\DROPBOX\WORK2011\GATEWAYAPP\ETC\ZEROMQ\ZEROMQ-2.1.10\BUILDS\MSVC\LIBZMQ\DEBUG\FQ.OBJ
E:\DROPBOX\WORK2011\GATEWAYAPP\ETC\ZEROMQ\ZEROMQ-2.1.10\BUILDS\MSVC\LIBZMQ\DEBUG\IO_OBJECT.OBJ
E:\DROPBOX\WORK2011\GATEWAYAPP\ETC\ZEROMQ\ZEROMQ-2.1.10\BUILDS\MSVC\LIBZMQ\DEBUG\IO_THREAD.OBJ
E:\DROPBOX\WORK2011\GATEWAYAPP\ETC\ZEROMQ\ZEROMQ-2.1.10\BUILDS\MSVC\LIBZMQ\DEBUG\IP.OBJ
E:\DROPBOX\WORK2011\GATEWAYAPP\ETC\ZEROMQ\ZEROMQ-2.1.10\BUILDS\MSVC\LIBZMQ\DEBUG\KQUEUE.OBJ
E:\DROPBOX\WORK2011\GATEWAYAPP\ETC\ZEROMQ\ZEROMQ-2.1.10\BUILDS\MSVC\LIBZMQ\DEBUG\LB.OBJ
E:\DROPBOX\WORK2011\GATEWAYAPP\ETC\ZEROMQ\ZEROMQ-2.1.10\BUILDS\MSVC\LIBZMQ\DEBUG\MAILBOX.OBJ
E:\DROPBOX\WORK2011\GATEWAYAPP\ETC\ZEROMQ\ZEROMQ-2.1.10\BUILDS\MSVC\LIBZMQ\DEBUG\NAMED_SESSION.OBJ
E:\DROPBOX\WORK2011\GATEWAYAPP\ETC\ZEROMQ\ZEROMQ-2.1.10\BUILDS\MSVC\LIBZMQ\DEBUG\OBJECT.OBJ
E:\DROPBOX\WORK2011\GATEWAYAPP\ETC\ZEROMQ\ZEROMQ-2.1.10\BUILDS\MSVC\LIBZMQ\DEBUG\OPTIONS.OBJ
E:\DROPBOX\WORK2011\GATEWAYAPP\ETC\ZEROMQ\ZEROMQ-2.1.10\BUILDS\MSVC\LIBZMQ\DEBUG\OWN.OBJ
E:\DROPBOX\WORK2011\GATEWAYAPP\ETC\ZEROMQ\ZEROMQ-2.1.10\BUILDS\MSVC\LIBZMQ\DEBUG\PAIR.OBJ
E:\DROPBOX\WORK2011\GATEWAYAPP\ETC\ZEROMQ\ZEROMQ-2.1.10\BUILDS\MSVC\LIBZMQ\DEBUG\PGM_RECEIVER.OBJ
E:\DROPBOX\WORK2011\GATEWAYAPP\ETC\ZEROMQ\ZEROMQ-2.1.10\BUILDS\MSVC\LIBZMQ\DEBUG\PGM_SENDER.OBJ
E:\DROPBOX\WORK2011\GATEWAYAPP\ETC\ZEROMQ\ZEROMQ-2.1.10\BUILDS\MSVC\LIBZMQ\DEBUG\PGM_SOCKET.OBJ
E:\DROPBOX\WORK2011\GATEWAYAPP\ETC\ZEROMQ\ZEROMQ-2.1.10\BUILDS\MSVC\LIBZMQ\DEBUG\PIPE.OBJ
E:\DROPBOX\WORK2011\GATEWAYAPP\ETC\ZEROMQ\ZEROMQ-2.1.10\BUILDS\MSVC\LIBZMQ\DEBUG\POLL.OBJ
E:\DROPBOX\WORK2011\GATEWAYAPP\ETC\ZEROMQ\ZEROMQ-2.1.10\BUILDS\MSVC\LIBZMQ\DEBUG\POLLER_BASE.OBJ
E:\DROPBOX\WORK2011\GATEWAYAPP\ETC\ZEROMQ\ZEROMQ-2.1.10\BUILDS\MSVC\LIBZMQ\DEBUG\PUB.OBJ
E:\DROPBOX\WORK2011\GATEWAYAPP\ETC\ZEROMQ\ZEROMQ-2.1.10\BUILDS\MSVC\LIBZMQ\DEBUG\PULL.OBJ
E:\DROPBOX\WORK2011\GATEWAYAPP\ETC\ZEROMQ\ZEROMQ-2.1.10\BUILDS\MSVC\LIBZMQ\DEBUG\PUSH.OBJ
E:\DROPBOX\WORK2011\GATEWAYAPP\ETC\ZEROMQ\ZEROMQ-2.1.10\BUILDS\MSVC\LIBZMQ\DEBUG\REAPER.OBJ
E:\DROPBOX\WORK2011\GATEWAYAPP\ETC\ZEROMQ\ZEROMQ-2.1.10\BUILDS\MSVC\LIBZMQ\DEBUG\REP.OBJ
E:\DROPBOX\WORK2011\GATEWAYAPP\ETC\ZEROMQ\ZEROMQ-2.1.10\BUILDS\MSVC\LIBZMQ\DEBUG\REQ.OBJ
E:\DROPBOX\WORK2011\GATEWAYAPP\ETC\ZEROMQ\ZEROMQ-2.1.10\BUILDS\MSVC\LIBZMQ\DEBUG\SELECT.OBJ
E:\DROPBOX\WORK2011\GATEWAYAPP\ETC\ZEROMQ\ZEROMQ-2.1.10\BUILDS\MSVC\LIBZMQ\DEBUG\SIGNALER.OBJ
E:\DROPBOX\WORK2011\GATEWAYAPP\ETC\ZEROMQ\ZEROMQ-2.1.10\BUILDS\MSVC\LIBZMQ\DEBUG\SOCKET_BASE.OBJ
E:\DROPBOX\WORK2011\GATEWAYAPP\ETC\ZEROMQ\ZEROMQ-2.1.10\BUILDS\MSVC\LIBZMQ\DEBUG\SUB.OBJ
E:\DROPBOX\WORK2011\GATEWAYAPP\ETC\ZEROMQ\ZEROMQ-2.1.10\BUILDS\MSVC\LIBZMQ\DEBUG\SWAP.OBJ
E:\DROPBOX\WORK2011\GATEWAYAPP\ETC\ZEROMQ\ZEROMQ-2.1.10\BUILDS\MSVC\LIBZMQ\DEBUG\TCP_CONNECTER.OBJ
E:\DROPBOX\WORK2011\GATEWAYAPP\ETC\ZEROMQ\ZEROMQ-2.1.10\BUILDS\MSVC\LIBZMQ\DEBUG\TCP_LISTENER.OBJ
E:\DROPBOX\WORK2011\GATEWAYAPP\ETC\ZEROMQ\ZEROMQ-2.1.10\BUILDS\MSVC\LIBZMQ\DEBUG\TCP_SOCKET.OBJ
E:\DROPBOX\WORK2011\GATEWAYAPP\ETC\ZEROMQ\ZEROMQ-2.1.10\BUILDS\MSVC\LIBZMQ\DEBUG\THREAD.OBJ
E:\DROPBOX\WORK2011\GATEWAYAPP\ETC\ZEROMQ\ZEROMQ-2.1.10\BUILDS\MSVC\LIBZMQ\DEBUG\TRANSIENT_SESSION.OBJ
E:\DROPBOX\WORK2011\GATEWAYAPP\ETC\ZEROMQ\ZEROMQ-2.1.10\BUILDS\MSVC\LIBZMQ\DEBUG\TRIE.OBJ
E:\DROPBOX\WORK2011\GATEWAYAPP\ETC\ZEROMQ\ZEROMQ-2.1.10\BUILDS\MSVC\LIBZMQ\DEBUG\UUID.OBJ
E:\Dropbox\Work2011\GatewayApp\etc\ZeroMQ\zeromq-2.1.10\builds\msvc\libzmq\Debug\vc100.idb
E:\DROPBOX\WORK2011\GATEWAYAPP\ETC\ZEROMQ\ZEROMQ-2.1.10\BUILDS\MSVC\LIBZMQ\DEBUG\VC100.PDB
E:\DROPBOX\WORK2011\GATEWAYAPP\ETC\ZEROMQ\ZEROMQ-2.1.10\BUILDS\MSVC\LIBZMQ\DEBUG\XPUB.OBJ
E:\DROPBOX\WORK2011\GATEWAYAPP\ETC\ZEROMQ\ZEROMQ-2.1.10\BUILDS\MSVC\LIBZMQ\DEBUG\XREP.OBJ
E:\DROPBOX\WORK2011\GATEWAYAPP\ETC\ZEROMQ\ZEROMQ-2.1.10\BUILDS\MSVC\LIBZMQ\DEBUG\XREQ.OBJ
E:\DROPBOX\WORK2011\GATEWAYAPP\ETC\ZEROMQ\ZEROMQ-2.1.10\BUILDS\MSVC\LIBZMQ\DEBUG\XSUB.OBJ
E:\DROPBOX\WORK2011\GATEWAYAPP\ETC\ZEROMQ\ZEROMQ-2.1.10\BUILDS\MSVC\LIBZMQ\DEBUG\ZMQ.OBJ
E:\DROPBOX\WORK2011\GATEWAYAPP\ETC\ZEROMQ\ZEROMQ-2.1.10\BUILDS\MSVC\LIBZMQ\DEBUG\ZMQ_CONNECTER.OBJ
E:\DROPBOX\WORK2011\GATEWAYAPP\ETC\ZEROMQ\ZEROMQ-2.1.10\BUILDS\MSVC\LIBZMQ\DEBUG\ZMQ_ENGINE.OBJ
E:\DROPBOX\WORK2011\GATEWAYAPP\ETC\ZEROMQ\ZEROMQ-2.1.10\BUILDS\MSVC\LIBZMQ\DEBUG\ZMQ_INIT.OBJ
E:\DROPBOX\WORK2011\GATEWAYAPP\ETC\ZEROMQ\ZEROMQ-2.1.10\BUILDS\MSVC\LIBZMQ\DEBUG\ZMQ_LISTENER.OBJ
