Build started 11/6/2011 11:11:39 PM.
     1>Project "E:\Dropbox\Work2011\GatewayApp\etc\ZeroMQ\zeromq-2.1.10\builds\msvc\libzmq\libzmq.vcxproj" on node 2 (rebuild target(s)).
     1>_PrepareForClean:
         Deleting file "Debug\libzmq.lastbuildstate".
       InitializeBuildStatus:
         Touching "Debug\libzmq.unsuccessfulbuild".
       PreBuildEvent:
         copy ..\platform.hpp ..\..\..\src
         :VCEnd
                 1 file(s) copied.
       ClCompile:
         C:\Program Files (x86)\Microsoft Visual Studio 10.0\VC\bin\CL.exe /c /ZI /nologo /W3 /WX- /Od /Oy- /D _WINDLL /D _MBCS /Gm /EHsc /RTC1 /MDd /GS /fp:precise /Zc:wchar_t /Zc:forScope /Fo"Debug\\" /Fd"Debug\vc100.pdb" /Gd /TP /analyze- /errorReport:prompt ..\..\..\src\clock.cpp ..\..\..\src\command.cpp ..\..\..\src\connect_session.cpp ..\..\..\src\ctx.cpp ..\..\..\src\decoder.cpp ..\..\..\src\device.cpp ..\..\..\src\devpoll.cpp ..\..\..\src\dist.cpp ..\..\..\src\encoder.cpp ..\..\..\src\epoll.cpp ..\..\..\src\err.cpp ..\..\..\src\fq.cpp ..\..\..\src\io_object.cpp ..\..\..\src\io_thread.cpp ..\..\..\src\ip.cpp ..\..\..\src\kqueue.cpp ..\..\..\src\lb.cpp ..\..\..\src\mailbox.cpp ..\..\..\src\named_session.cpp ..\..\..\src\object.cpp ..\..\..\src\options.cpp ..\..\..\src\own.cpp ..\..\..\src\pair.cpp ..\..\..\src\pgm_receiver.cpp ..\..\..\src\pgm_sender.cpp ..\..\..\src\pgm_socket.cpp ..\..\..\src\pipe.cpp ..\..\..\src\poll.cpp ..\..\..\src\poller_base.cpp ..\..\..\src\pub.cpp ..\..\..\src\pull.cpp ..\..\..\src\push.cpp ..\..\..\src\reaper.cpp ..\..\..\src\rep.cpp ..\..\..\src\req.cpp ..\..\..\src\select.cpp ..\..\..\src\session.cpp ..\..\..\src\signaler.cpp ..\..\..\src\socket_base.cpp ..\..\..\src\sub.cpp ..\..\..\src\swap.cpp ..\..\..\src\tcp_connecter.cpp ..\..\..\src\tcp_listener.cpp ..\..\..\src\tcp_socket.cpp ..\..\..\src\thread.cpp ..\..\..\src\transient_session.cpp ..\..\..\src\trie.cpp ..\..\..\src\uuid.cpp ..\..\..\src\xpub.cpp ..\..\..\src\xrep.cpp ..\..\..\src\xreq.cpp ..\..\..\src\xsub.cpp ..\..\..\src\zmq.cpp ..\..\..\src\zmq_connecter.cpp ..\..\..\src\zmq_engine.cpp ..\..\..\src\zmq_init.cpp ..\..\..\src\zmq_listener.cpp -DDLL_EXPORT -DFD_SETSIZE=1024 
         zmq_listener.cpp
         zmq_init.cpp
         zmq_engine.cpp
         zmq_connecter.cpp
         zmq.cpp
         xsub.cpp
     1>e:\dropbox\work2011\gatewayapp\etc\zeromq\zeromq-2.1.10\src\xsub.cpp(30): warning C4355: 'this' : used in base member initializer list
         xreq.cpp
     1>e:\dropbox\work2011\gatewayapp\etc\zeromq\zeromq-2.1.10\src\xreq.cpp(28): warning C4355: 'this' : used in base member initializer list
     1>e:\dropbox\work2011\gatewayapp\etc\zeromq\zeromq-2.1.10\src\xreq.cpp(29): warning C4355: 'this' : used in base member initializer list
         xrep.cpp
         xpub.cpp
     1>e:\dropbox\work2011\gatewayapp\etc\zeromq\zeromq-2.1.10\src\xpub.cpp(29): warning C4355: 'this' : used in base member initializer list
         uuid.cpp
         trie.cpp
         transient_session.cpp
         thread.cpp
         tcp_socket.cpp
         tcp_listener.cpp
         tcp_connecter.cpp
         swap.cpp
         sub.cpp
         socket_base.cpp
         signaler.cpp
         Generating Code...
         Compiling...
         session.cpp
         select.cpp
         req.cpp
         rep.cpp
         reaper.cpp
         push.cpp
     1>e:\dropbox\work2011\gatewayapp\etc\zeromq\zeromq-2.1.10\src\push.cpp(29): warning C4355: 'this' : used in base member initializer list
         pull.cpp
     1>e:\dropbox\work2011\gatewayapp\etc\zeromq\zeromq-2.1.10\src\pull.cpp(28): warning C4355: 'this' : used in base member initializer list
         pub.cpp
         poller_base.cpp
         poll.cpp
         pipe.cpp
         pgm_socket.cpp
         pgm_sender.cpp
         pgm_receiver.cpp
         pair.cpp
         own.cpp
         options.cpp
         object.cpp
         named_session.cpp
         mailbox.cpp
         Generating Code...
         Compiling...
         lb.cpp
         kqueue.cpp
         ip.cpp
         io_thread.cpp
         io_object.cpp
         fq.cpp
         err.cpp
         epoll.cpp
         encoder.cpp
         dist.cpp
         devpoll.cpp
         device.cpp
         decoder.cpp
         ctx.cpp
         connect_session.cpp
         command.cpp
         clock.cpp
         Generating Code...
       MakeDirsForLink:
         Creating directory "E:\Dropbox\Work2011\GatewayApp\etc\ZeroMQ\zeromq-2.1.10\builds\msvc\libzmq\..\..\..\lib".
     1>C:\Program Files (x86)\MSBuild\Microsoft.Cpp\v4.0\Microsoft.CppBuild.targets(990,5): warning MSB8012: TargetPath(E:\Dropbox\Work2011\GatewayApp\etc\ZeroMQ\zeromq-2.1.10\builds\msvc\Debug\libzmq.dll) does not match the Linker's OutputFile property value (E:\Dropbox\Work2011\GatewayApp\etc\ZeroMQ\zeromq-2.1.10\lib\libzmq.dll). This may cause your project to build incorrectly. To correct this, please make sure that $(OutDir), $(TargetName) and $(TargetExt) property values match the value specified in %(Link.OutputFile).
       Link:
         C:\Program Files (x86)\Microsoft Visual Studio 10.0\VC\bin\link.exe /ERRORREPORT:PROMPT /OUT:"../../../lib/libzmq.dll" /NOLOGO Ws2_32.lib Rpcrt4.lib kernel32.lib user32.lib gdi32.lib winspool.lib comdlg32.lib advapi32.lib shell32.lib ole32.lib oleaut32.lib uuid.lib odbc32.lib odbccp32.lib /MANIFEST /ManifestFile:"Debug\libzmq.dll.intermediate.manifest" /MANIFESTUAC:"level='asInvoker' uiAccess='false'" /DEBUG /PDB:"E:\Dropbox\Work2011\GatewayApp\etc\ZeroMQ\zeromq-2.1.10\builds\msvc\Debug\libzmq.pdb" /TLBID:1 /DYNAMICBASE /NXCOMPAT /IMPLIB:"E:\Dropbox\Work2011\GatewayApp\etc\ZeroMQ\zeromq-2.1.10\builds\msvc\Debug\libzmq.lib" /MACHINE:X86 /DLL Debug\clock.obj
         Debug\command.obj
         Debug\connect_session.obj
         Debug\ctx.obj
         Debug\decoder.obj
         Debug\device.obj
         Debug\devpoll.obj
         Debug\dist.obj
         Debug\encoder.obj
         Debug\epoll.obj
         Debug\err.obj
         Debug\fq.obj
         Debug\io_object.obj
         Debug\io_thread.obj
         Debug\ip.obj
         Debug\kqueue.obj
         Debug\lb.obj
         Debug\mailbox.obj
         Debug\named_session.obj
         Debug\object.obj
         Debug\options.obj
         Debug\own.obj
         Debug\pair.obj
         Debug\pgm_receiver.obj
         Debug\pgm_sender.obj
         Debug\pgm_socket.obj
         Debug\pipe.obj
         Debug\poll.obj
         Debug\poller_base.obj
         Debug\pub.obj
         Debug\pull.obj
         Debug\push.obj
         Debug\reaper.obj
         Debug\rep.obj
         Debug\req.obj
         Debug\select.obj
         Debug\session.obj
         Debug\signaler.obj
         Debug\socket_base.obj
         Debug\sub.obj
         Debug\swap.obj
         Debug\tcp_connecter.obj
         Debug\tcp_listener.obj
         Debug\tcp_socket.obj
         Debug\thread.obj
         Debug\transient_session.obj
         Debug\trie.obj
         Debug\uuid.obj
         Debug\xpub.obj
         Debug\xrep.obj
         Debug\xreq.obj
         Debug\xsub.obj
         Debug\zmq.obj
         Debug\zmq_connecter.obj
         Debug\zmq_engine.obj
         Debug\zmq_init.obj
         Debug\zmq_listener.obj
            Creating library E:\Dropbox\Work2011\GatewayApp\etc\ZeroMQ\zeromq-2.1.10\builds\msvc\Debug\libzmq.lib and object E:\Dropbox\Work2011\GatewayApp\etc\ZeroMQ\zeromq-2.1.10\builds\msvc\Debug\libzmq.exp
         libzmq.vcxproj -> E:\Dropbox\Work2011\GatewayApp\etc\ZeroMQ\zeromq-2.1.10\builds\msvc\Debug\libzmq.dll
       Manifest:
         C:\Program Files (x86)\Microsoft SDKs\Windows\v7.0A\bin\mt.exe /nologo /verbose /outputresource:"../../../lib/libzmq.dll;#2" /manifest Debug\libzmq.dll.intermediate.manifest
       FinalizeBuildStatus:
         Deleting file "Debug\libzmq.unsuccessfulbuild".
         Touching "Debug\libzmq.lastbuildstate".
     1>Done Building Project "E:\Dropbox\Work2011\GatewayApp\etc\ZeroMQ\zeromq-2.1.10\builds\msvc\libzmq\libzmq.vcxproj" (rebuild target(s)).

Build succeeded.

Time Elapsed 00:00:32.74
