Build started 11/6/2011 11:13:08 PM.
     1>Project "E:\Dropbox\Work2011\GatewayApp\etc\ZeroMQ\zeromq-2.1.10\builds\msvc\libzmq\libzmq.vcxproj" on node 2 (rebuild target(s)).
     1>PrepareForBuild:
         Creating directory "E:\Dropbox\Work2011\GatewayApp\etc\ZeroMQ\zeromq-2.1.10\builds\msvc\Release\".
       InitializeBuildStatus:
         Creating "Release\libzmq.unsuccessfulbuild" because "AlwaysCreate" was specified.
       PreBuildEvent:
         copy ..\platform.hpp ..\..\..\src
         :VCEnd
                 1 file(s) copied.
       ClCompile:
         C:\Program Files (x86)\Microsoft Visual Studio 10.0\VC\bin\CL.exe /c /Zi /nologo /W3 /WX- /O2 /Oi /Oy- /GL /D _WINDLL /D _MBCS /Gm- /EHsc /MD /GS /Gy /fp:precise /Zc:wchar_t /Zc:forScope /Fo"Release\\" /Fd"Release\vc100.pdb" /Gd /TP /analyze- /errorReport:prompt ..\..\..\src\clock.cpp ..\..\..\src\command.cpp ..\..\..\src\connect_session.cpp ..\..\..\src\ctx.cpp ..\..\..\src\decoder.cpp ..\..\..\src\device.cpp ..\..\..\src\devpoll.cpp ..\..\..\src\dist.cpp ..\..\..\src\encoder.cpp ..\..\..\src\epoll.cpp ..\..\..\src\err.cpp ..\..\..\src\fq.cpp ..\..\..\src\io_object.cpp ..\..\..\src\io_thread.cpp ..\..\..\src\ip.cpp ..\..\..\src\kqueue.cpp ..\..\..\src\lb.cpp ..\..\..\src\mailbox.cpp ..\..\..\src\named_session.cpp ..\..\..\src\object.cpp ..\..\..\src\options.cpp ..\..\..\src\own.cpp ..\..\..\src\pair.cpp ..\..\..\src\pgm_receiver.cpp ..\..\..\src\pgm_sender.cpp ..\..\..\src\pgm_socket.cpp ..\..\..\src\pipe.cpp ..\..\..\src\poll.cpp ..\..\..\src\poller_base.cpp ..\..\..\src\pub.cpp ..\..\..\src\pull.cpp ..\..\..\src\push.cpp ..\..\..\src\reaper.cpp ..\..\..\src\rep.cpp ..\..\..\src\req.cpp ..\..\..\src\select.cpp ..\..\..\src\session.cpp ..\..\..\src\signaler.cpp ..\..\..\src\socket_base.cpp ..\..\..\src\sub.cpp ..\..\..\src\swap.cpp ..\..\..\src\tcp_connecter.cpp ..\..\..\src\tcp_listener.cpp ..\..\..\src\tcp_socket.cpp ..\..\..\src\thread.cpp ..\..\..\src\transient_session.cpp ..\..\..\src\trie.cpp ..\..\..\src\uuid.cpp ..\..\..\src\xpub.cpp ..\..\..\src\xrep.cpp ..\..\..\src\xreq.cpp ..\..\..\src\xsub.cpp ..\..\..\src\zmq.cpp ..\..\..\src\zmq_connecter.cpp ..\..\..\src\zmq_engine.cpp ..\..\..\src\zmq_init.cpp ..\..\..\src\zmq_listener.cpp -DDLL_EXPORT -DFD_SETSIZE=1024 
         clock.cpp
         command.cpp
         connect_session.cpp
         ctx.cpp
         decoder.cpp
         device.cpp
         devpoll.cpp
         dist.cpp
         encoder.cpp
         epoll.cpp
         err.cpp
         fq.cpp
         io_object.cpp
         io_thread.cpp
         ip.cpp
         kqueue.cpp
         lb.cpp
         mailbox.cpp
         named_session.cpp
         object.cpp
         Compiling...
         options.cpp
         own.cpp
         pair.cpp
         pgm_receiver.cpp
         pgm_sender.cpp
         pgm_socket.cpp
         pipe.cpp
         poll.cpp
         poller_base.cpp
         pub.cpp
         pull.cpp
     1>..\..\..\src\pull.cpp(28): warning C4355: 'this' : used in base member initializer list
         push.cpp
     1>..\..\..\src\push.cpp(29): warning C4355: 'this' : used in base member initializer list
         reaper.cpp
         rep.cpp
         req.cpp
         select.cpp
         session.cpp
         signaler.cpp
         socket_base.cpp
         sub.cpp
         Compiling...
         swap.cpp
         tcp_connecter.cpp
         tcp_listener.cpp
         tcp_socket.cpp
         thread.cpp
         transient_session.cpp
         trie.cpp
         uuid.cpp
         xpub.cpp
     1>..\..\..\src\xpub.cpp(29): warning C4355: 'this' : used in base member initializer list
         xrep.cpp
         xreq.cpp
     1>..\..\..\src\xreq.cpp(28): warning C4355: 'this' : used in base member initializer list
     1>..\..\..\src\xreq.cpp(29): warning C4355: 'this' : used in base member initializer list
         xsub.cpp
     1>..\..\..\src\xsub.cpp(30): warning C4355: 'this' : used in base member initializer list
         zmq.cpp
         zmq_connecter.cpp
         zmq_engine.cpp
         zmq_init.cpp
         zmq_listener.cpp
     1>C:\Program Files (x86)\MSBuild\Microsoft.Cpp\v4.0\Microsoft.CppBuild.targets(990,5): warning MSB8012: TargetPath(E:\Dropbox\Work2011\GatewayApp\etc\ZeroMQ\zeromq-2.1.10\builds\msvc\Release\libzmq.dll) does not match the Linker's OutputFile property value (E:\Dropbox\Work2011\GatewayApp\etc\ZeroMQ\zeromq-2.1.10\lib\libzmq.dll). This may cause your project to build incorrectly. To correct this, please make sure that $(OutDir), $(TargetName) and $(TargetExt) property values match the value specified in %(Link.OutputFile).
       Link:
         C:\Program Files (x86)\Microsoft Visual Studio 10.0\VC\bin\link.exe /ERRORREPORT:PROMPT /OUT:"../../../lib/libzmq.dll" /NOLOGO Ws2_32.lib Rpcrt4.lib kernel32.lib user32.lib gdi32.lib winspool.lib comdlg32.lib advapi32.lib shell32.lib ole32.lib oleaut32.lib uuid.lib odbc32.lib odbccp32.lib /MANIFEST /ManifestFile:"Release\libzmq.dll.intermediate.manifest" /MANIFESTUAC:"level='asInvoker' uiAccess='false'" /DEBUG /PDB:"E:\Dropbox\Work2011\GatewayApp\etc\ZeroMQ\zeromq-2.1.10\builds\msvc\Release\libzmq.pdb" /OPT:REF /OPT:ICF /LTCG /TLBID:1 /DYNAMICBASE /NXCOMPAT /IMPLIB:"E:\Dropbox\Work2011\GatewayApp\etc\ZeroMQ\zeromq-2.1.10\builds\msvc\Release\libzmq.lib" /MACHINE:X86 /DLL Release\clock.obj
         Release\command.obj
         Release\connect_session.obj
         Release\ctx.obj
         Release\decoder.obj
         Release\device.obj
         Release\devpoll.obj
         Release\dist.obj
         Release\encoder.obj
         Release\epoll.obj
         Release\err.obj
         Release\fq.obj
         Release\io_object.obj
         Release\io_thread.obj
         Release\ip.obj
         Release\kqueue.obj
         Release\lb.obj
         Release\mailbox.obj
         Release\named_session.obj
         Release\object.obj
         Release\options.obj
         Release\own.obj
         Release\pair.obj
         Release\pgm_receiver.obj
         Release\pgm_sender.obj
         Release\pgm_socket.obj
         Release\pipe.obj
         Release\poll.obj
         Release\poller_base.obj
         Release\pub.obj
         Release\pull.obj
         Release\push.obj
         Release\reaper.obj
         Release\rep.obj
         Release\req.obj
         Release\select.obj
         Release\session.obj
         Release\signaler.obj
         Release\socket_base.obj
         Release\sub.obj
         Release\swap.obj
         Release\tcp_connecter.obj
         Release\tcp_listener.obj
         Release\tcp_socket.obj
         Release\thread.obj
         Release\transient_session.obj
         Release\trie.obj
         Release\uuid.obj
         Release\xpub.obj
         Release\xrep.obj
         Release\xreq.obj
         Release\xsub.obj
         Release\zmq.obj
         Release\zmq_connecter.obj
         Release\zmq_engine.obj
         Release\zmq_init.obj
         Release\zmq_listener.obj
            Creating library E:\Dropbox\Work2011\GatewayApp\etc\ZeroMQ\zeromq-2.1.10\builds\msvc\Release\libzmq.lib and object E:\Dropbox\Work2011\GatewayApp\etc\ZeroMQ\zeromq-2.1.10\builds\msvc\Release\libzmq.exp
         Generating code
         Finished generating code
         libzmq.vcxproj -> E:\Dropbox\Work2011\GatewayApp\etc\ZeroMQ\zeromq-2.1.10\builds\msvc\Release\libzmq.dll
       Manifest:
         C:\Program Files (x86)\Microsoft SDKs\Windows\v7.0A\bin\mt.exe /nologo /verbose /outputresource:"../../../lib/libzmq.dll;#2" /manifest Release\libzmq.dll.intermediate.manifest
       FinalizeBuildStatus:
         Deleting file "Release\libzmq.unsuccessfulbuild".
         Touching "Release\libzmq.lastbuildstate".
     1>Done Building Project "E:\Dropbox\Work2011\GatewayApp\etc\ZeroMQ\zeromq-2.1.10\builds\msvc\libzmq\libzmq.vcxproj" (rebuild target(s)).

Build succeeded.

Time Elapsed 00:00:25.81
