Build started 11/6/2011 11:12:12 PM.
     1>Project "E:\Dropbox\Work2011\GatewayApp\etc\ZeroMQ\zeromq-2.1.10\builds\msvc\c_local_thr\c_local_thr.vcxproj" on node 2 (rebuild target(s)).
     1>_PrepareForClean:
         Deleting file "Debug\local_thr.lastbuildstate".
       InitializeBuildStatus:
         Touching "Debug\local_thr.unsuccessfulbuild".
       ClCompile:
         C:\Program Files (x86)\Microsoft Visual Studio 10.0\VC\bin\CL.exe /c /I../../../bindings/c /ZI /nologo /W3 /WX- /Od /Oy- /D _MBCS /Gm /EHsc /RTC1 /MDd /GS /fp:precise /Zc:wchar_t /Zc:forScope /Fo"Debug\\" /Fd"Debug\vc100.pdb" /Gd /TP /analyze- /errorReport:prompt ..\..\..\perf\local_thr.cpp
         local_thr.cpp
     1>C:\Program Files (x86)\MSBuild\Microsoft.Cpp\v4.0\Microsoft.CppBuild.targets(990,5): warning MSB8012: TargetPath(E:\Dropbox\Work2011\GatewayApp\etc\ZeroMQ\zeromq-2.1.10\builds\msvc\Debug\local_thr.exe) does not match the Linker's OutputFile property value (E:\Dropbox\Work2011\GatewayApp\etc\ZeroMQ\zeromq-2.1.10\bin\local_thr.exe). This may cause your project to build incorrectly. To correct this, please make sure that $(OutDir), $(TargetName) and $(TargetExt) property values match the value specified in %(Link.OutputFile).
       Link:
         C:\Program Files (x86)\Microsoft Visual Studio 10.0\VC\bin\link.exe /ERRORREPORT:PROMPT /OUT:"../../../bin/local_thr.exe" /NOLOGO kernel32.lib user32.lib gdi32.lib winspool.lib comdlg32.lib advapi32.lib shell32.lib ole32.lib oleaut32.lib uuid.lib odbc32.lib odbccp32.lib /MANIFEST /ManifestFile:"Debug\local_thr.exe.intermediate.manifest" /MANIFESTUAC:"level='asInvoker' uiAccess='false'" /DEBUG /PDB:"E:\Dropbox\Work2011\GatewayApp\etc\ZeroMQ\zeromq-2.1.10\builds\msvc\Debug\local_thr.pdb" /TLBID:1 /DYNAMICBASE /NXCOMPAT /IMPLIB:"E:\Dropbox\Work2011\GatewayApp\etc\ZeroMQ\zeromq-2.1.10\builds\msvc\Debug\local_thr.lib" /MACHINE:X86 Debug\local_thr.obj
         "E:\Dropbox\Work2011\GatewayApp\etc\ZeroMQ\zeromq-2.1.10\builds\msvc\Debug\libzmq.lib"
         c_local_thr.vcxproj -> E:\Dropbox\Work2011\GatewayApp\etc\ZeroMQ\zeromq-2.1.10\builds\msvc\Debug\local_thr.exe
       Manifest:
         C:\Program Files (x86)\Microsoft SDKs\Windows\v7.0A\bin\mt.exe /nologo /verbose /outputresource:"../../../bin/local_thr.exe;#1" /manifest Debug\local_thr.exe.intermediate.manifest
       FinalizeBuildStatus:
         Deleting file "Debug\local_thr.unsuccessfulbuild".
         Touching "Debug\local_thr.lastbuildstate".
     1>Done Building Project "E:\Dropbox\Work2011\GatewayApp\etc\ZeroMQ\zeromq-2.1.10\builds\msvc\c_local_thr\c_local_thr.vcxproj" (rebuild target(s)).

Build succeeded.

Time Elapsed 00:00:01.46
