Build started 11/7/2011 12:34:14 AM.
     1>Project "E:\Dropbox\Work2011\GatewayApp\etc\FTDI\sources\VCP_EX\VCP_EX\VCP_EX.vcxproj" on node 2 (build target(s)).
     1>InitializeBuildStatus:
         Creating "Debug\VCP_EX.unsuccessfulbuild" because "AlwaysCreate" was specified.
       ClCompile:
         All outputs are up-to-date.
       ManifestResourceCompile:
         All outputs are up-to-date.
       Link:
         C:\Program Files (x86)\Microsoft Visual Studio 10.0\VC\bin\link.exe /ERRORREPORT:PROMPT /OUT:"E:\Dropbox\Work2011\GatewayApp\etc\FTDI\sources\VCP_EX\Debug\VCP_EX.exe" /INCREMENTAL /NOLOGO FTD2xx.lib kernel32.lib user32.lib gdi32.lib winspool.lib comdlg32.lib advapi32.lib shell32.lib ole32.lib oleaut32.lib uuid.lib odbc32.lib odbccp32.lib /MANIFEST /ManifestFile:"Debug\VCP_EX.exe.intermediate.manifest" /MANIFESTUAC:"level='asInvoker' uiAccess='false'" /DEBUG /PDB:"E:\Dropbox\Work2011\GatewayApp\etc\FTDI\sources\VCP_EX\Debug\VCP_EX.pdb" /SUBSYSTEM:CONSOLE /TLBID:1 /DYNAMICBASE /NXCOMPAT /IMPLIB:"E:\Dropbox\Work2011\GatewayApp\etc\FTDI\sources\VCP_EX\Debug\VCP_EX.lib" /MACHINE:X86 Debug\VCP_EX.exe.embed.manifest.res
         Debug\VCP_EX.obj
       Manifest:
         C:\Program Files (x86)\Microsoft SDKs\Windows\v7.0A\bin\mt.exe /nologo /verbose /out:"Debug\VCP_EX.exe.embed.manifest" /manifest Debug\VCP_EX.exe.intermediate.manifest
         All outputs are up-to-date.
       LinkEmbedManifest:
         All outputs are up-to-date.
         VCP_EX.vcxproj -> E:\Dropbox\Work2011\GatewayApp\etc\FTDI\sources\VCP_EX\Debug\VCP_EX.exe
       FinalizeBuildStatus:
         Deleting file "Debug\VCP_EX.unsuccessfulbuild".
         Touching "Debug\VCP_EX.lastbuildstate".
     1>Done Building Project "E:\Dropbox\Work2011\GatewayApp\etc\FTDI\sources\VCP_EX\VCP_EX\VCP_EX.vcxproj" (build target(s)).

Build succeeded.

Time Elapsed 00:00:00.98
