E:\DROPBOX\WORK2011\GATEWAYAPP\ETC\FTDI\SOURCES\VCP_EX\DEBUG\VCP_EX.EXE
E:\DROPBOX\WORK2011\GATEWAYAPP\ETC\FTDI\SOURCES\VCP_EX\DEBUG\VCP_EX.ILK
E:\DROPBOX\WORK2011\GATEWAYAPP\ETC\FTDI\SOURCES\VCP_EX\DEBUG\VCP_EX.PDB
E:\Dropbox\Work2011\GatewayApp\etc\FTDI\sources\VCP_EX\VCP_EX\Debug\cl.command.1.tlog
E:\Dropbox\Work2011\GatewayApp\etc\FTDI\sources\VCP_EX\VCP_EX\Debug\CL.read.1.tlog
E:\Dropbox\Work2011\GatewayApp\etc\FTDI\sources\VCP_EX\VCP_EX\Debug\CL.write.1.tlog
E:\Dropbox\Work2011\GatewayApp\etc\FTDI\sources\VCP_EX\VCP_EX\Debug\link.2452.read.1.tlog
E:\Dropbox\Work2011\GatewayApp\etc\FTDI\sources\VCP_EX\VCP_EX\Debug\link.2452.write.1.tlog
E:\Dropbox\Work2011\GatewayApp\etc\FTDI\sources\VCP_EX\VCP_EX\Debug\link.2452-cvtres.read.1.tlog
E:\Dropbox\Work2011\GatewayApp\etc\FTDI\sources\VCP_EX\VCP_EX\Debug\link.2452-cvtres.write.1.tlog
E:\Dropbox\Work2011\GatewayApp\etc\FTDI\sources\VCP_EX\VCP_EX\Debug\link.command.1.tlog
E:\Dropbox\Work2011\GatewayApp\etc\FTDI\sources\VCP_EX\VCP_EX\Debug\link.read.1.tlog
E:\Dropbox\Work2011\GatewayApp\etc\FTDI\sources\VCP_EX\VCP_EX\Debug\link.write.1.tlog
E:\Dropbox\Work2011\GatewayApp\etc\FTDI\sources\VCP_EX\VCP_EX\Debug\link-cvtres.read.1.tlog
E:\Dropbox\Work2011\GatewayApp\etc\FTDI\sources\VCP_EX\VCP_EX\Debug\link-cvtres.write.1.tlog
E:\Dropbox\Work2011\GatewayApp\etc\FTDI\sources\VCP_EX\VCP_EX\Debug\mt.command.1.tlog
E:\Dropbox\Work2011\GatewayApp\etc\FTDI\sources\VCP_EX\VCP_EX\Debug\mt.read.1.tlog
E:\Dropbox\Work2011\GatewayApp\etc\FTDI\sources\VCP_EX\VCP_EX\Debug\mt.write.1.tlog
E:\Dropbox\Work2011\GatewayApp\etc\FTDI\sources\VCP_EX\VCP_EX\Debug\rc.command.1.tlog
E:\Dropbox\Work2011\GatewayApp\etc\FTDI\sources\VCP_EX\VCP_EX\Debug\rc.read.1.tlog
E:\Dropbox\Work2011\GatewayApp\etc\FTDI\sources\VCP_EX\VCP_EX\Debug\rc.write.1.tlog
E:\DROPBOX\WORK2011\GATEWAYAPP\ETC\FTDI\SOURCES\VCP_EX\VCP_EX\DEBUG\STDAFX.OBJ
E:\Dropbox\Work2011\GatewayApp\etc\FTDI\sources\VCP_EX\VCP_EX\Debug\vc100.idb
E:\DROPBOX\WORK2011\GATEWAYAPP\ETC\FTDI\SOURCES\VCP_EX\VCP_EX\DEBUG\VC100.PDB
E:\DROPBOX\WORK2011\GATEWAYAPP\ETC\FTDI\SOURCES\VCP_EX\VCP_EX\DEBUG\VCP_EX.EXE.EMBED.MANIFEST
E:\DROPBOX\WORK2011\GATEWAYAPP\ETC\FTDI\SOURCES\VCP_EX\VCP_EX\DEBUG\VCP_EX.EXE.EMBED.MANIFEST.RES
E:\DROPBOX\WORK2011\GATEWAYAPP\ETC\FTDI\SOURCES\VCP_EX\VCP_EX\DEBUG\VCP_EX.EXE.INTERMEDIATE.MANIFEST
E:\DROPBOX\WORK2011\GATEWAYAPP\ETC\FTDI\SOURCES\VCP_EX\VCP_EX\DEBUG\VCP_EX.OBJ
E:\DROPBOX\WORK2011\GATEWAYAPP\ETC\FTDI\SOURCES\VCP_EX\VCP_EX\DEBUG\VCP_EX.PCH
E:\Dropbox\Work2011\GatewayApp\etc\FTDI\sources\VCP_EX\VCP_EX\Debug\VCP_EX_manifest.rc
